  SpecialeSolver.cpp
C:\Users\Johan\source\repos\SpecialeSolver\SpecialeSolver\SpecialeSolver.cpp(119,19): warning C4244: 'initializing': conversion from 'double' to 'int', possible loss of data
SpecialeSolver.obj : error LNK2001: unresolved external symbol "public: virtual __thiscall IloEnvAllocationDisabled::~IloEnvAllocationDisabled(void)" (??1IloEnvAllocationDisabled@@UAE@XZ)
SpecialeSolver.obj : error LNK2001: unresolved external symbol "public: __thiscall IloEnvAllocationDisabled::IloEnvAllocationDisabled(void)" (??0IloEnvAllocationDisabled@@QAE@XZ)
SpecialeSolver.obj : error LNK2001: unresolved external symbol "public: double __thiscall IloAlgorithm::getObjValue(void)const " (?getObjValue@IloAlgorithm@@QBENXZ)
SpecialeSolver.obj : error LNK2001: unresolved external symbol "public: long __thiscall IloAlgorithm::solve(void)const " (?solve@IloAlgorithm@@QBEJXZ)
SpecialeSolver.obj : error LNK2001: unresolved external symbol "public: void __thiscall IloAlgorithm::setOut(class std::basic_ostream<char,struct std::char_traits<char> > &)" (?setOut@IloAlgorithm@@QAEXAAV?$basic_ostream@DU?$char_traits@D@std@@@std@@@Z)
SpecialeSolver.obj : error LNK2001: unresolved external symbol "public: virtual void __thiscall IloException::end(void)" (?end@IloException@@UAEXXZ)
SpecialeSolver.obj : error LNK2001: unresolved external symbol "public: virtual void __thiscall IloException::print(class std::basic_ostream<char,struct std::char_traits<char> > &)const " (?print@IloException@@UBEXAAV?$basic_ostream@DU?$char_traits@D@std@@@std@@@Z)
SpecialeSolver.obj : error LNK2001: unresolved external symbol "public: virtual char const * __thiscall IloException::getMessage(void)const " (?getMessage@IloException@@UBEPBDXZ)
SpecialeSolver.obj : error LNK2001: unresolved external symbol "public: virtual __thiscall IloException::~IloException(void)" (??1IloException@@UAE@XZ)
SpecialeSolver.obj : error LNK2001: unresolved external symbol "public: __thiscall IloException::IloException(class IloException const &)" (??0IloException@@QAE@ABV0@@Z)
SpecialeSolver.obj : error LNK2001: unresolved external symbol "public: void __thiscall IloRangeI::setCoef(class IloNumVar,double)" (?setCoef@IloRangeI@@QAEXVIloNumVar@@N@Z)
SpecialeSolver.obj : error LNK2001: unresolved external symbol "public: __thiscall IloRangeI::IloRangeI(class IloEnvI *,double,double,char const *)" (??0IloRangeI@@QAE@PAVIloEnvI@@NNPBD@Z)
SpecialeSolver.obj : error LNK2001: unresolved external symbol "public: virtual __thiscall IloEnvAllocatorThreadMismatch::~IloEnvAllocatorThreadMismatch(void)" (??1IloEnvAllocatorThreadMismatch@@UAE@XZ)
SpecialeSolver.obj : error LNK2001: unresolved external symbol "public: __thiscall IloEnvAllocatorThreadMismatch::IloEnvAllocatorThreadMismatch(void)" (??0IloEnvAllocatorThreadMismatch@@QAE@XZ)
SpecialeSolver.obj : error LNK2001: unresolved external symbol "public: __thiscall IloCplex::IloCplex(class IloModel)" (??0IloCplex@@QAE@VIloModel@@@Z)
SpecialeSolver.obj : error LNK2001: unresolved external symbol "public: class IloExtractable __thiscall IloModel::add(class IloExtractable)const " (?add@IloModel@@QBE?AVIloExtractable@@V2@@Z)
SpecialeSolver.obj : error LNK2001: unresolved external symbol "public: __thiscall IloModel::IloModel(class IloEnv,char const *)" (??0IloModel@@QAE@VIloEnv@@PBD@Z)
SpecialeSolver.obj : error LNK2001: unresolved external symbol "public: void __thiscall IloObjective::setLinearCoef(class IloNumVar,double)" (?setLinearCoef@IloObjective@@QAEXVIloNumVar@@N@Z)
SpecialeSolver.obj : error LNK2001: unresolved external symbol "public: __thiscall IloObjective::IloObjective(class IloEnv,double,enum IloObjective::Sense,char const *)" (??0IloObjective@@QAE@VIloEnv@@NW4Sense@0@PBD@Z)
SpecialeSolver.obj : error LNK2001: unresolved external symbol "public: virtual __thiscall IloEmptyHandleException::~IloEmptyHandleException(void)" (??1IloEmptyHandleException@@UAE@XZ)
SpecialeSolver.obj : error LNK2001: unresolved external symbol "public: __thiscall IloEmptyHandleException::IloEmptyHandleException(char const *)" (??0IloEmptyHandleException@@QAE@PBD@Z)
SpecialeSolver.obj : error LNK2001: unresolved external symbol "public: __thiscall IloNumVar::IloNumVar(class IloEnv,double,double,enum IloNumVar::Type,char const *)" (??0IloNumVar@@QAE@VIloEnv@@NNW4Type@0@PBD@Z)
SpecialeSolver.obj : error LNK2001: unresolved external symbol "public: __thiscall IloQuietException::IloQuietException(class IloQuietException const &)" (??0IloQuietException@@QAE@ABV0@@Z)
SpecialeSolver.obj : error LNK2001: unresolved external symbol "public: virtual __thiscall IloMemoryException::~IloMemoryException(void)" (??1IloMemoryException@@UAE@XZ)
SpecialeSolver.obj : error LNK2001: unresolved external symbol "public: __thiscall IloMemoryException::IloMemoryException(void)" (??0IloMemoryException@@QAE@XZ)
SpecialeSolver.obj : error LNK2001: unresolved external symbol "public: void * __thiscall IloAllocationList::alloc(long)" (?alloc@IloAllocationList@@QAEPAXJ@Z)
SpecialeSolver.obj : error LNK2001: unresolved external symbol "public: struct IloFixedSizeAllocatorI::Cell * __thiscall IloFixedSizeAllocatorI::allocateBlock(class IloMemory *)" (?allocateBlock@IloFixedSizeAllocatorI@@QAEPAUCell@1@PAVIloMemory@@@Z)
SpecialeSolver.obj : error LNK2001: unresolved external symbol "public: long __thiscall IloEnvI::matchesAllocatorThread(void)const " (?matchesAllocatorThread@IloEnvI@@QBEJXZ)
SpecialeSolver.obj : error LNK2001: unresolved external symbol "public: __thiscall IloEnv::IloEnv(void)" (??0IloEnv@@QAE@XZ)
C:\Users\Johan\source\repos\SpecialeSolver\Release\SpecialeSolver.exe : fatal error LNK1120: 29 unresolved externals
