  SpecialeSolver.cpp
C:\Users\Johan\source\repos\SpecialeSolver\SpecialeSolver\SpecialeSolver.cpp(119,19): warning C4244: 'initializing': conversion from 'double' to 'int', possible loss of data
SpecialeSolver.obj : error LNK2001: unresolved external symbol "public: __thiscall IloQuietException::IloQuietException(class IloQuietException const &)" (??0IloQuietException@@QAE@ABV0@@Z)
SpecialeSolver.obj : error LNK2019: unresolved external symbol "public: __thiscall IloException::IloException(class IloException const &)" (??0IloException@@QAE@ABV0@@Z) referenced in function "public: __thiscall IloEmptyHandleException::IloEmptyHandleException(class IloEmptyHandleException const &)" (??0IloEmptyHandleException@@QAE@ABV0@@Z)
SpecialeSolver.obj : error LNK2001: unresolved external symbol "public: virtual char const * __thiscall IloException::getMessage(void)const " (?getMessage@IloException@@UBEPBDXZ)
SpecialeSolver.obj : error LNK2001: unresolved external symbol "public: virtual void __thiscall IloException::print(class std::basic_ostream<char,struct std::char_traits<char> > &)const " (?print@IloException@@UBEXAAV?$basic_ostream@DU?$char_traits@D@std@@@std@@@Z)
SpecialeSolver.obj : error LNK2001: unresolved external symbol "public: virtual void __thiscall IloException::end(void)" (?end@IloException@@UAEXXZ)
SpecialeSolver.obj : error LNK2019: unresolved external symbol "public: __thiscall IloMemoryException::IloMemoryException(void)" (??0IloMemoryException@@QAE@XZ) referenced in function "private: long __thiscall IloMemory::getIndex(long)const " (?getIndex@IloMemory@@ABEJJ@Z)
SpecialeSolver.obj : error LNK2019: unresolved external symbol "public: virtual __thiscall IloMemoryException::~IloMemoryException(void)" (??1IloMemoryException@@UAE@XZ) referenced in function "public: virtual void * __thiscall IloMemoryException::`scalar deleting destructor'(unsigned int)" (??_GIloMemoryException@@UAEPAXI@Z)
SpecialeSolver.obj : error LNK2019: unresolved external symbol "public: void * __thiscall IloAllocationList::alloc(long)" (?alloc@IloAllocationList@@QAEPAXJ@Z) referenced in function "public: void * __thiscall IloMemory::alloc(long)" (?alloc@IloMemory@@QAEPAXJ@Z)
SpecialeSolver.obj : error LNK2019: unresolved external symbol "public: struct IloFixedSizeAllocatorI::Cell * __thiscall IloFixedSizeAllocatorI::allocateBlock(class IloMemory *)" (?allocateBlock@IloFixedSizeAllocatorI@@QAEPAUCell@1@PAVIloMemory@@@Z) referenced in function "public: void * __thiscall IloFixedSizeAllocatorI::allocate(class IloMemory *)" (?allocate@IloFixedSizeAllocatorI@@QAEPAXPAVIloMemory@@@Z)
SpecialeSolver.obj : error LNK2019: unresolved external symbol "public: __thiscall IloEmptyHandleException::IloEmptyHandleException(char const *)" (??0IloEmptyHandleException@@QAE@PBD@Z) referenced in function "public: void __thiscall IloRange::setLinearCoef(class IloNumVar,double)" (?setLinearCoef@IloRange@@QAEXVIloNumVar@@N@Z)
SpecialeSolver.obj : error LNK2019: unresolved external symbol "public: virtual __thiscall IloEmptyHandleException::~IloEmptyHandleException(void)" (??1IloEmptyHandleException@@UAE@XZ) referenced in function "public: virtual void * __thiscall IloEmptyHandleException::`scalar deleting destructor'(unsigned int)" (??_GIloEmptyHandleException@@UAEPAXI@Z)
SpecialeSolver.obj : error LNK2019: unresolved external symbol "public: __thiscall IloEnvAllocationDisabled::IloEnvAllocationDisabled(void)" (??0IloEnvAllocationDisabled@@QAE@XZ) referenced in function "public: void * __thiscall IloEnvI::alloc(unsigned int)const " (?alloc@IloEnvI@@QBEPAXI@Z)
SpecialeSolver.obj : error LNK2019: unresolved external symbol "public: virtual __thiscall IloEnvAllocationDisabled::~IloEnvAllocationDisabled(void)" (??1IloEnvAllocationDisabled@@UAE@XZ) referenced in function "public: virtual void * __thiscall IloEnvAllocationDisabled::`scalar deleting destructor'(unsigned int)" (??_GIloEnvAllocationDisabled@@UAEPAXI@Z)
SpecialeSolver.obj : error LNK2019: unresolved external symbol "public: __thiscall IloEnvAllocatorThreadMismatch::IloEnvAllocatorThreadMismatch(void)" (??0IloEnvAllocatorThreadMismatch@@QAE@XZ) referenced in function "public: void * __thiscall IloEnvI::alloc(unsigned int)const " (?alloc@IloEnvI@@QBEPAXI@Z)
SpecialeSolver.obj : error LNK2019: unresolved external symbol "public: virtual __thiscall IloEnvAllocatorThreadMismatch::~IloEnvAllocatorThreadMismatch(void)" (??1IloEnvAllocatorThreadMismatch@@UAE@XZ) referenced in function "public: virtual void * __thiscall IloEnvAllocatorThreadMismatch::`scalar deleting destructor'(unsigned int)" (??_GIloEnvAllocatorThreadMismatch@@UAEPAXI@Z)
SpecialeSolver.obj : error LNK2019: unresolved external symbol "public: long __thiscall IloEnvI::matchesAllocatorThread(void)const " (?matchesAllocatorThread@IloEnvI@@QBEJXZ) referenced in function "public: void * __thiscall IloEnvI::alloc(unsigned int)const " (?alloc@IloEnvI@@QBEPAXI@Z)
SpecialeSolver.obj : error LNK2019: unresolved external symbol "public: __thiscall IloEnv::IloEnv(void)" (??0IloEnv@@QAE@XZ) referenced in function _main
SpecialeSolver.obj : error LNK2019: unresolved external symbol "public: void __thiscall IloAlgorithm::setOut(class std::basic_ostream<char,struct std::char_traits<char> > &)" (?setOut@IloAlgorithm@@QAEXAAV?$basic_ostream@DU?$char_traits@D@std@@@std@@@Z) referenced in function _main
SpecialeSolver.obj : error LNK2019: unresolved external symbol "public: long __thiscall IloAlgorithm::solve(void)const " (?solve@IloAlgorithm@@QBEJXZ) referenced in function "public: long __thiscall IloCplex::solve(void)" (?solve@IloCplex@@QAEJXZ)
SpecialeSolver.obj : error LNK2019: unresolved external symbol "public: double __thiscall IloAlgorithm::getObjValue(void)const " (?getObjValue@IloAlgorithm@@QBENXZ) referenced in function _main
SpecialeSolver.obj : error LNK2019: unresolved external symbol "public: __thiscall IloNumVar::IloNumVar(class IloEnv,double,double,enum IloNumVar::Type,char const *)" (??0IloNumVar@@QAE@VIloEnv@@NNW4Type@0@PBD@Z) referenced in function _main
SpecialeSolver.obj : error LNK2019: unresolved external symbol "public: __thiscall IloRangeI::IloRangeI(class IloEnvI *,double,double,char const *)" (??0IloRangeI@@QAE@PAVIloEnvI@@NNPBD@Z) referenced in function "public: __thiscall IloRange::IloRange(class IloEnv,double,double,char const *)" (??0IloRange@@QAE@VIloEnv@@NNPBD@Z)
SpecialeSolver.obj : error LNK2019: unresolved external symbol "public: void __thiscall IloRangeI::setCoef(class IloNumVar,double)" (?setCoef@IloRangeI@@QAEXVIloNumVar@@N@Z) referenced in function "public: void __thiscall IloRange::setLinearCoef(class IloNumVar,double)" (?setLinearCoef@IloRange@@QAEXVIloNumVar@@N@Z)
SpecialeSolver.obj : error LNK2019: unresolved external symbol "public: __thiscall IloObjective::IloObjective(class IloEnv,double,enum IloObjective::Sense,char const *)" (??0IloObjective@@QAE@VIloEnv@@NW4Sense@0@PBD@Z) referenced in function "class IloObjective __cdecl IloMaximize(class IloEnv,double,char const *)" (?IloMaximize@@YA?AVIloObjective@@VIloEnv@@NPBD@Z)
SpecialeSolver.obj : error LNK2019: unresolved external symbol "public: void __thiscall IloObjective::setLinearCoef(class IloNumVar,double)" (?setLinearCoef@IloObjective@@QAEXVIloNumVar@@N@Z) referenced in function _main
SpecialeSolver.obj : error LNK2019: unresolved external symbol "public: __thiscall IloModel::IloModel(class IloEnv,char const *)" (??0IloModel@@QAE@VIloEnv@@PBD@Z) referenced in function _main
SpecialeSolver.obj : error LNK2019: unresolved external symbol "public: class IloExtractable __thiscall IloModel::add(class IloExtractable)const " (?add@IloModel@@QBE?AVIloExtractable@@V2@@Z) referenced in function _main
SpecialeSolver.obj : error LNK2019: unresolved external symbol "public: __thiscall IloCplex::IloCplex(class IloModel)" (??0IloCplex@@QAE@VIloModel@@@Z) referenced in function _main
C:\Program Files\IBM\ILOG\CPLEX_Studio129\cplex\lib\x64_windows_vs2017\stat_mdd\cplex1290.lib : warning LNK4272: library machine type 'x64' conflicts with target machine type 'x86'
C:\Program Files\IBM\ILOG\CPLEX_Studio129\concert\lib\x64_windows_vs2017\stat_mdd\concert.lib : warning LNK4272: library machine type 'x64' conflicts with target machine type 'x86'
C:\Program Files\IBM\ILOG\CPLEX_Studio129\cplex\lib\x64_windows_vs2017\stat_mdd\ilocplex.lib : warning LNK4272: library machine type 'x64' conflicts with target machine type 'x86'
C:\Users\Johan\source\repos\SpecialeSolver\Debug\SpecialeSolver.exe : fatal error LNK1120: 28 unresolved externals
